==45622== Memcheck, a memory error detector
==45622== Copyright (C) 2002-2017, and GNU GPL'd, by Julian Seward et al.
==45622== Using Valgrind-3.13.0 and LibVEX; rerun with -h for copyright info
==45622== Command: ./memleaks
==45622== 
==45622== Invalid write of size 4
==45622==    at 0x400711: fillBuff (memleaks.c:12)
==45622==    by 0x4007BD: main (memleaks.c:33)
==45622==  Address 0x520306c is 0 bytes after a block of size 44 alloc'd
==45622==    at 0x4C29BC3: malloc (vg_replace_malloc.c:299)
==45622==    by 0x4006B8: createBuff (memleaks.c:5)
==45622==    by 0x4007A8: main (memleaks.c:32)
==45622== 
==45622== 
==45622== HEAP SUMMARY:
==45622==     in use at exit: 44 bytes in 1 blocks
==45622==   total heap usage: 1 allocs, 0 frees, 44 bytes allocated
==45622== 
==45622== LEAK SUMMARY:
==45622==    definitely lost: 44 bytes in 1 blocks
==45622==    indirectly lost: 0 bytes in 0 blocks
==45622==      possibly lost: 0 bytes in 0 blocks
==45622==    still reachable: 0 bytes in 0 blocks
==45622==         suppressed: 0 bytes in 0 blocks
==45622== Rerun with --leak-check=full to see details of leaked memory
==45622== 
==45622== For counts of detected and suppressed errors, rerun with: -v
==45622== ERROR SUMMARY: 1 errors from 1 contexts (suppressed: 0 from 0)
