==81733== Memcheck, a memory error detector
==81733== Copyright (C) 2002-2017, and GNU GPL'd, by Julian Seward et al.
==81733== Using Valgrind-3.13.0 and LibVEX; rerun with -h for copyright info
==81733== Command: ./memleaks
==81733== 
==81733== Invalid write of size 4
==81733==    at 0x400711: fillBuff (memleaks.c:12)
==81733==    by 0x4007BD: main (memleaks.c:33)
==81733==  Address 0x520306c is 0 bytes after a block of size 44 alloc'd
==81733==    at 0x4C29BC3: malloc (vg_replace_malloc.c:299)
==81733==    by 0x4006B8: createBuff (memleaks.c:5)
==81733==    by 0x4007A8: main (memleaks.c:32)
==81733== 
==81733== 
==81733== HEAP SUMMARY:
==81733==     in use at exit: 44 bytes in 1 blocks
==81733==   total heap usage: 1 allocs, 0 frees, 44 bytes allocated
==81733== 
==81733== LEAK SUMMARY:
==81733==    definitely lost: 44 bytes in 1 blocks
==81733==    indirectly lost: 0 bytes in 0 blocks
==81733==      possibly lost: 0 bytes in 0 blocks
==81733==    still reachable: 0 bytes in 0 blocks
==81733==         suppressed: 0 bytes in 0 blocks
==81733== Rerun with --leak-check=full to see details of leaked memory
==81733== 
==81733== For counts of detected and suppressed errors, rerun with: -v
==81733== ERROR SUMMARY: 1 errors from 1 contexts (suppressed: 0 from 0)
