==22710== Memcheck, a memory error detector
==22710== Copyright (C) 2002-2017, and GNU GPL'd, by Julian Seward et al.
==22710== Using Valgrind-3.13.0 and LibVEX; rerun with -h for copyright info
==22710== Command: ./memleaks
==22710== 
==22710== Invalid write of size 4
==22710==    at 0x400711: fillBuff (in /home/syohai/hmw1/stud/memleaks)
==22710==    by 0x4007BD: main (in /home/syohai/hmw1/stud/memleaks)
==22710==  Address 0x520306c is 0 bytes after a block of size 44 alloc'd
==22710==    at 0x4C29C23: malloc (vg_replace_malloc.c:299)
==22710==    by 0x4006B8: createBuff (in /home/syohai/hmw1/stud/memleaks)
==22710==    by 0x4007A8: main (in /home/syohai/hmw1/stud/memleaks)
==22710== 
==22710== 
==22710== HEAP SUMMARY:
==22710==     in use at exit: 44 bytes in 1 blocks
==22710==   total heap usage: 1 allocs, 0 frees, 44 bytes allocated
==22710== 
==22710== LEAK SUMMARY:
==22710==    definitely lost: 44 bytes in 1 blocks
==22710==    indirectly lost: 0 bytes in 0 blocks
==22710==      possibly lost: 0 bytes in 0 blocks
==22710==    still reachable: 0 bytes in 0 blocks
==22710==         suppressed: 0 bytes in 0 blocks
==22710== Rerun with --leak-check=full to see details of leaked memory
==22710== 
==22710== For counts of detected and suppressed errors, rerun with: -v
==22710== ERROR SUMMARY: 1 errors from 1 contexts (suppressed: 0 from 0)
